<?xml version="1.0" encoding="utf-8"?><testsuites><testsuite name="pytest" errors="0" failures="0" skipped="0" tests="21" time="1.403" timestamp="2024-11-27T12:36:05.446604-05:00" hostname="xiong-desktop"><testcase classname="tests.test_chat_interface" name="test_chat_interface_initialization" time="0.002" /><testcase classname="tests.test_chat_interface" name="test_chat_interface_custom_initialization" time="0.001" /><testcase classname="tests.test_chat_interface" name="test_chat_history_operations" time="0.001" /><testcase classname="tests.test_chat_interface" name="test_validate_api_key" time="0.001" /><testcase classname="tests.test_streamlitchat" name="test_content" time="0.000" /><testcase classname="tests.test_ui" name="test_chat_ui_initialization" time="0.004" /><testcase classname="tests.test_ui" name="test_chat_ui_session_state_initialization" time="0.004" /><testcase classname="tests.test_ui" name="test_message_display" time="0.008" /><testcase classname="tests.test_ui" name="test_user_input_handling" time="0.035" /><testcase classname="tests.test_ui" name="test_error_handling" time="0.005" /><testcase classname="tests.test_ui" name="test_sidebar_rendering" time="0.004" /><testcase classname="tests.test_ui" name="test_keyboard_shortcuts" time="0.211" /><testcase classname="tests.test_ui" name="test_keyboard_shortcut_while_processing" time="0.042" /><testcase classname="tests.test_ui" name="test_keyboard_shortcut_ctrl_l" time="0.038" /><testcase classname="tests.test_ui" name="test_keyboard_shortcuts_setup" time="0.038" /><testcase classname="tests.test_ui" name="test_api_parameters_persistence" time="0.004" /><testcase classname="tests.test_ui" name="test_settings_persistence_save" time="0.042" /><testcase classname="tests.test_ui" name="test_settings_persistence_load" time="0.076" /><testcase classname="tests.test_ui" name="test_settings_persistence_default" time="0.037" /><testcase classname="tests.test_ui" name="test_temperature_setting" time="0.005" /><testcase classname="tests.test_ui" name="test_top_p_setting" time="0.005" /></testsuite></testsuites>