<?xml version="1.0" encoding="utf-8"?><testsuites><testsuite name="pytest" errors="0" failures="0" skipped="0" tests="11" time="0.866" timestamp="2024-11-27T11:46:02.042830-05:00" hostname="xiong-desktop"><testcase classname="tests.test_chat_interface" name="test_chat_interface_initialization" time="0.002" /><testcase classname="tests.test_chat_interface" name="test_chat_interface_custom_initialization" time="0.001" /><testcase classname="tests.test_chat_interface" name="test_chat_history_operations" time="0.002" /><testcase classname="tests.test_chat_interface" name="test_validate_api_key" time="0.001" /><testcase classname="tests.test_streamlitchat" name="test_content" time="0.000" /><testcase classname="tests.test_ui" name="test_chat_ui_initialization" time="0.004" /><testcase classname="tests.test_ui" name="test_chat_ui_session_state_initialization" time="0.003" /><testcase classname="tests.test_ui" name="test_message_display" time="0.006" /><testcase classname="tests.test_ui" name="test_user_input_handling" time="0.007" /><testcase classname="tests.test_ui" name="test_error_handling" time="0.007" /><testcase classname="tests.test_ui" name="test_sidebar_rendering" time="0.037" /></testsuite></testsuites>