<?xml version="1.0" encoding="utf-8"?><testsuites><testsuite name="pytest" errors="0" failures="0" skipped="3" tests="45" time="7.342" timestamp="2024-11-27T13:35:22.513750-05:00" hostname="xiong-desktop"><testcase classname="tests.test_chat_interface" name="test_chat_interface_initialization" time="0.002" /><testcase classname="tests.test_chat_interface" name="test_chat_interface_custom_initialization" time="0.001" /><testcase classname="tests.test_chat_interface" name="test_chat_history_operations" time="0.002" /><testcase classname="tests.test_chat_interface" name="test_validate_api_key" time="0.001" /><testcase classname="tests.test_chat_interface" name="test_api_response_caching" time="0.003" /><testcase classname="tests.test_chat_interface" name="test_api_rate_limiting" time="0.002" /><testcase classname="tests.test_chat_interface" name="test_batch_processing" time="1.018" /><testcase classname="tests.test_e2e" name="test_complete_chat_flow" time="1.081" /><testcase classname="tests.test_e2e" name="test_settings_interaction" time="0.462" /><testcase classname="tests.test_e2e" name="test_error_handling_flow" time="0.575" /><testcase classname="tests.test_e2e" name="test_keyboard_shortcuts" time="0.603" /><testcase classname="tests.test_e2e" name="test_message_pagination" time="0.883" /><testcase classname="tests.test_logging" name="test_logging_configuration" time="0.001" /><testcase classname="tests.test_logging" name="test_log_rotation" time="0.977" /><testcase classname="tests.test_logging" name="test_request_id_tracking" time="0.002" /><testcase classname="tests.test_logging" name="test_custom_exceptions" time="0.001" /><testcase classname="tests.test_performance" name="test_message_rendering_speed" time="0.021" /><testcase classname="tests.test_performance" name="test_memory_usage" time="0.021" /><testcase classname="tests.test_performance" name="test_api_response_time" time="0.019" /><testcase classname="tests.test_performance" name="test_concurrent_requests" time="0.019" /><testcase classname="tests.test_streamlitchat" name="test_content" time="0.000" /><testcase classname="tests.test_ui" name="test_chat_ui_initialization" time="0.021" /><testcase classname="tests.test_ui" name="test_chat_ui_session_state_initialization" time="0.018" /><testcase classname="tests.test_ui" name="test_message_display" time="0.001"><skipped type="pytest.skip" message="Mock setup needs to be reworked">g:\streamlitchat\tests\test_ui.py:103: Mock setup needs to be reworked</skipped></testcase><testcase classname="tests.test_ui" name="test_user_input_handling" time="0.021" /><testcase classname="tests.test_ui" name="test_error_handling" time="0.023" /><testcase classname="tests.test_ui" name="test_sidebar_rendering" time="0.020" /><testcase classname="tests.test_ui" name="test_keyboard_shortcuts" time="0.054" /><testcase classname="tests.test_ui" name="test_keyboard_shortcut_while_processing" time="0.057" /><testcase classname="tests.test_ui" name="test_keyboard_shortcut_ctrl_l" time="0.092" /><testcase classname="tests.test_ui" name="test_keyboard_shortcuts_setup" time="0.053" /><testcase classname="tests.test_ui" name="test_api_parameters_persistence" time="0.018" /><testcase classname="tests.test_ui" name="test_settings_persistence_save" time="0.060" /><testcase classname="tests.test_ui" name="test_settings_persistence_load" time="0.057" /><testcase classname="tests.test_ui" name="test_settings_persistence_default" time="0.058" /><testcase classname="tests.test_ui" name="test_temperature_setting" time="0.018" /><testcase classname="tests.test_ui" name="test_top_p_setting" time="0.017" /><testcase classname="tests.test_ui" name="test_conversation_persistence" time="0.035" /><testcase classname="tests.test_ui" name="test_conversation_persistence_with_max_messages" time="0.000"><skipped type="pytest.skip" message="Pagination logic needs to be reworked">g:\streamlitchat\tests\test_ui.py:517: Pagination logic needs to be reworked</skipped></testcase><testcase classname="tests.test_ui" name="test_theme_customization" time="0.063" /><testcase classname="tests.test_ui" name="test_theme_affects_styling" time="0.019" /><testcase classname="tests.test_ui" name="test_message_pagination" time="0.000"><skipped type="pytest.skip" message="Pagination logic needs to be reworked">g:\streamlitchat\tests\test_ui.py:574: Pagination logic needs to be reworked</skipped></testcase><testcase classname="tests.test_ui" name="test_pagination_controls" time="0.018" /><testcase classname="tests.test_ui" name="test_efficient_message_rendering" time="0.019" /><testcase classname="tests.test_ui" name="test_message_rendering_performance" time="0.024" /></testsuite></testsuites>